mode: set
github.com/nephio-project/api/nf_requirements/v1alpha1/capacity_interfaces.go:22.63,24.2 1 1
github.com/nephio-project/api/nf_requirements/v1alpha1/capacity_interfaces.go:27.65,29.2 1 1
github.com/nephio-project/api/nf_requirements/v1alpha1/capacity_interfaces.go:32.41,34.2 1 0
github.com/nephio-project/api/nf_requirements/v1alpha1/capacity_interfaces.go:37.44,39.2 1 0
github.com/nephio-project/api/nf_requirements/v1alpha1/dnn_interfaces.go:24.65,26.35 2 1
github.com/nephio-project/api/nf_requirements/v1alpha1/dnn_interfaces.go:26.35,29.3 2 1
github.com/nephio-project/api/nf_requirements/v1alpha1/dnn_interfaces.go:30.2,30.12 1 1
github.com/nephio-project/api/nf_requirements/v1alpha1/dnn_interfaces.go:34.42,35.25 1 1
github.com/nephio-project/api/nf_requirements/v1alpha1/dnn_interfaces.go:35.25,37.3 1 1
github.com/nephio-project/api/nf_requirements/v1alpha1/dnn_interfaces.go:38.2,38.21 1 1
github.com/nephio-project/api/nf_requirements/v1alpha1/dnn_interfaces.go:42.33,44.2 1 1
github.com/nephio-project/api/nf_requirements/v1alpha1/dnn_interfaces.go:47.40,49.2 1 1
github.com/nephio-project/api/nf_requirements/v1alpha1/interface_interfaces.go:43.63,45.35 2 1
github.com/nephio-project/api/nf_requirements/v1alpha1/interface_interfaces.go:45.35,48.3 2 1
github.com/nephio-project/api/nf_requirements/v1alpha1/interface_interfaces.go:49.2,49.12 1 1
github.com/nephio-project/api/nf_requirements/v1alpha1/interface_interfaces.go:53.42,55.2 1 1
github.com/nephio-project/api/nf_requirements/v1alpha1/interface_interfaces.go:58.56,60.2 1 1
